<?xml version="1.0" encoding="UTF-8"?>
<!-- Generated by org.testng.reporters.JUnitReportReporter -->
<testsuite hostname="SL-QA101-HGKDL" name="test.resources.com.sirion.suite.clientSetupAdmin.ClientSupplierCreation" tests="4" failures="4" timestamp="19 Jan 2017 14:16:28 GMT" time="0.015" errors="0">
  <testcase name="ClientSupplierCreate" time="0.000" classname="test.resources.com.sirion.suite.clientSetupAdmin.ClientSupplierCreation"/>
  <testcase name="ClientSupplierCreate" time="0.000" classname="test.resources.com.sirion.suite.clientSetupAdmin.ClientSupplierCreation"/>
  <testcase name="ClientSupplierCreate" time="0.000" classname="test.resources.com.sirion.suite.clientSetupAdmin.ClientSupplierCreation"/>
  <testcase name="ClientSupplierCreate" time="0.015" classname="test.resources.com.sirion.suite.clientSetupAdmin.ClientSupplierCreation"/>
</testsuite> <!-- test.resources.com.sirion.suite.clientSetupAdmin.ClientSupplierCreation -->
