<?xml version="1.0" encoding="UTF-8"?>
<!-- Generated by org.testng.reporters.JUnitReportReporter -->
<testsuite hostname="SL-QA101-HGKDL" name="test.resources.com.sirion.purchaseOrder.PurchaseOrderWorkflow" tests="1" failures="1" timestamp="2 Feb 2017 09:49:10 GMT" time="0.001" errors="0">
  <testcase name="PurchaseOrderWorkflowTest" time="0.001" classname="test.resources.com.sirion.purchaseOrder.PurchaseOrderWorkflow"/>
</testsuite> <!-- test.resources.com.sirion.purchaseOrder.PurchaseOrderWorkflow -->
