<?xml version="1.0" encoding="UTF-8"?>
<!-- Generated by org.testng.reporters.JUnitReportReporter -->
<testsuite hostname="SL-QA101-HGKDL" name="test.resources.com.sirion.suite.sirionUserAdmin.ClientAdminCreation" tests="20" failures="20" timestamp="19 Jan 2017 14:16:28 GMT" time="0.046" errors="0">
  <testcase name="CreateClientAdmin" time="0.000" classname="test.resources.com.sirion.suite.sirionUserAdmin.ClientAdminCreation"/>
  <testcase name="CreateClientAdmin" time="0.000" classname="test.resources.com.sirion.suite.sirionUserAdmin.ClientAdminCreation"/>
  <testcase name="CreateClientAdmin" time="0.000" classname="test.resources.com.sirion.suite.sirionUserAdmin.ClientAdminCreation"/>
  <testcase name="CreateClientAdmin" time="0.000" classname="test.resources.com.sirion.suite.sirionUserAdmin.ClientAdminCreation"/>
  <testcase name="CreateClientAdmin" time="0.000" classname="test.resources.com.sirion.suite.sirionUserAdmin.ClientAdminCreation"/>
  <testcase name="CreateClientAdmin" time="0.000" classname="test.resources.com.sirion.suite.sirionUserAdmin.ClientAdminCreation"/>
  <testcase name="CreateClientAdmin" time="0.015" classname="test.resources.com.sirion.suite.sirionUserAdmin.ClientAdminCreation"/>
  <testcase name="CreateClientAdmin" time="0.000" classname="test.resources.com.sirion.suite.sirionUserAdmin.ClientAdminCreation"/>
  <testcase name="CreateClientAdmin" time="0.000" classname="test.resources.com.sirion.suite.sirionUserAdmin.ClientAdminCreation"/>
  <testcase name="CreateClientAdmin" time="0.000" classname="test.resources.com.sirion.suite.sirionUserAdmin.ClientAdminCreation"/>
  <testcase name="CreateClientAdmin" time="0.015" classname="test.resources.com.sirion.suite.sirionUserAdmin.ClientAdminCreation"/>
  <testcase name="CreateClientAdmin" time="0.000" classname="test.resources.com.sirion.suite.sirionUserAdmin.ClientAdminCreation"/>
  <testcase name="CreateClientAdmin" time="0.016" classname="test.resources.com.sirion.suite.sirionUserAdmin.ClientAdminCreation"/>
  <testcase name="CreateClientAdmin" time="0.000" classname="test.resources.com.sirion.suite.sirionUserAdmin.ClientAdminCreation"/>
  <testcase name="CreateClientAdmin" time="0.000" classname="test.resources.com.sirion.suite.sirionUserAdmin.ClientAdminCreation"/>
  <testcase name="CreateClientAdmin" time="0.000" classname="test.resources.com.sirion.suite.sirionUserAdmin.ClientAdminCreation"/>
  <testcase name="CreateClientAdmin" time="0.000" classname="test.resources.com.sirion.suite.sirionUserAdmin.ClientAdminCreation"/>
  <testcase name="CreateClientAdmin" time="0.000" classname="test.resources.com.sirion.suite.sirionUserAdmin.ClientAdminCreation"/>
  <testcase name="CreateClientAdmin" time="0.000" classname="test.resources.com.sirion.suite.sirionUserAdmin.ClientAdminCreation"/>
  <testcase name="CreateClientAdmin" time="0.000" classname="test.resources.com.sirion.suite.sirionUserAdmin.ClientAdminCreation"/>
</testsuite> <!-- test.resources.com.sirion.suite.sirionUserAdmin.ClientAdminCreation -->
