<?xml version="1.0" encoding="UTF-8"?>
<!-- Generated by org.testng.reporters.JUnitReportReporter -->
<testsuite hostname="SL-QA101-HGKDL" name="test.resources.com.sirion.suite.interpretation.InterpretationCreation" tests="10" failures="10" timestamp="7 Feb 2017 15:48:01 GMT" time="0.020" errors="0">
  <testcase name="InterpretationCreateTest" time="0.001" classname="test.resources.com.sirion.suite.interpretation.InterpretationCreation"/>
  <testcase name="InterpretationCreateTest" time="0.002" classname="test.resources.com.sirion.suite.interpretation.InterpretationCreation"/>
  <testcase name="InterpretationCreateTest" time="0.004" classname="test.resources.com.sirion.suite.interpretation.InterpretationCreation"/>
  <testcase name="InterpretationCreateTest" time="0.001" classname="test.resources.com.sirion.suite.interpretation.InterpretationCreation"/>
  <testcase name="InterpretationCreateTest" time="0.002" classname="test.resources.com.sirion.suite.interpretation.InterpretationCreation"/>
  <testcase name="InterpretationCreateTest" time="0.002" classname="test.resources.com.sirion.suite.interpretation.InterpretationCreation"/>
  <testcase name="InterpretationCreateTest" time="0.001" classname="test.resources.com.sirion.suite.interpretation.InterpretationCreation"/>
  <testcase name="InterpretationCreateTest" time="0.003" classname="test.resources.com.sirion.suite.interpretation.InterpretationCreation"/>
  <testcase name="InterpretationCreateTest" time="0.002" classname="test.resources.com.sirion.suite.interpretation.InterpretationCreation"/>
  <testcase name="InterpretationCreateTest" time="0.002" classname="test.resources.com.sirion.suite.interpretation.InterpretationCreation"/>
</testsuite> <!-- test.resources.com.sirion.suite.interpretation.InterpretationCreation -->
