<?xml version="1.0" encoding="UTF-8"?>
<!-- Generated by org.testng.reporters.JUnitReportReporter -->
<testsuite hostname="SL-QA101-HGKDL" name="test.resources.com.sirion.suite.interpretation.InterpretationUpdate" tests="1" failures="1" timestamp="7 Feb 2017 15:48:01 GMT" time="0.002" errors="0">
  <testcase name="InterpretationUpdateTest" time="0.002" classname="test.resources.com.sirion.suite.interpretation.InterpretationUpdate"/>
</testsuite> <!-- test.resources.com.sirion.suite.interpretation.InterpretationUpdate -->
