<?xml version="1.0" encoding="UTF-8"?>
<!-- Generated by org.testng.reporters.JUnitReportReporter -->
<testsuite hostname="SL-QA101-HGKDL" name="test.resources.com.sirion.purchaseOrder.PurchaseOrderCreation" tests="1" failures="0" timestamp="2 Feb 2017 09:49:10 GMT" time="92.799" errors="0">
  <testcase name="PurchaseOrderTest" time="92.799" classname="test.resources.com.sirion.purchaseOrder.PurchaseOrderCreation"/>
</testsuite> <!-- test.resources.com.sirion.purchaseOrder.PurchaseOrderCreation -->
