<?xml version="1.0" encoding="UTF-8"?>
<!-- Generated by org.testng.reporters.JUnitReportReporter -->
<testsuite hostname="SL-QA101-HGKDL" name="test.resources.com.sirion.suite.sirionUserAdmin.Logout" tests="1" failures="1" timestamp="19 Jan 2017 14:16:28 GMT" time="0.000" errors="0">
  <testcase name="ActionTypeCreation" time="0.000" classname="test.resources.com.sirion.suite.sirionUserAdmin.Logout"/>
</testsuite> <!-- test.resources.com.sirion.suite.sirionUserAdmin.Logout -->
